20 * root * 2023-02-15 14:48:29,742 * INFO * Python Exception hierarchy is : 
14 * root * 2023-02-15 14:48:29,742 * INFO *  BaseException
14 * root * 2023-02-15 14:48:29,743 * INFO * - Exception
14 * root * 2023-02-15 14:48:29,743 * INFO * -- TypeError
14 * root * 2023-02-15 14:48:29,743 * INFO * --- FloatOperation
14 * root * 2023-02-15 14:48:29,743 * INFO * --- MultipartConversionError
14 * root * 2023-02-15 14:48:29,743 * INFO * -- StopAsyncIteration
14 * root * 2023-02-15 14:48:29,743 * INFO * -- StopIteration
14 * root * 2023-02-15 14:48:29,743 * INFO * -- ImportError
14 * root * 2023-02-15 14:48:29,743 * INFO * --- ModuleNotFoundError
14 * root * 2023-02-15 14:48:29,743 * INFO * ---- PackageNotFoundError
14 * root * 2023-02-15 14:48:29,743 * INFO * --- ZipImportError
14 * root * 2023-02-15 14:48:29,743 * INFO * -- OSError
14 * root * 2023-02-15 14:48:29,743 * INFO * --- ConnectionError
14 * root * 2023-02-15 14:48:29,744 * INFO * ---- BrokenPipeError
14 * root * 2023-02-15 14:48:29,744 * INFO * ---- ConnectionAbortedError
14 * root * 2023-02-15 14:48:29,744 * INFO * ---- ConnectionRefusedError
14 * root * 2023-02-15 14:48:29,744 * INFO * ---- ConnectionResetError
14 * root * 2023-02-15 14:48:29,744 * INFO * ----- RemoteDisconnected
14 * root * 2023-02-15 14:48:29,744 * INFO * --- BlockingIOError
14 * root * 2023-02-15 14:48:29,744 * INFO * --- ChildProcessError
14 * root * 2023-02-15 14:48:29,744 * INFO * --- FileExistsError
14 * root * 2023-02-15 14:48:29,744 * INFO * --- FileNotFoundError
14 * root * 2023-02-15 14:48:29,744 * INFO * --- IsADirectoryError
14 * root * 2023-02-15 14:48:29,744 * INFO * --- NotADirectoryError
14 * root * 2023-02-15 14:48:29,744 * INFO * --- InterruptedError
14 * root * 2023-02-15 14:48:29,744 * INFO * ---- InterruptedSystemCall
14 * root * 2023-02-15 14:48:29,744 * INFO * --- PermissionError
14 * root * 2023-02-15 14:48:29,744 * INFO * --- ProcessLookupError
14 * root * 2023-02-15 14:48:29,744 * INFO * --- TimeoutError
14 * root * 2023-02-15 14:48:29,744 * INFO * --- UnsupportedOperation
14 * root * 2023-02-15 14:48:29,744 * INFO * --- itimer_error
14 * root * 2023-02-15 14:48:29,744 * INFO * --- herror
14 * root * 2023-02-15 14:48:29,744 * INFO * --- gaierror
14 * root * 2023-02-15 14:48:29,744 * INFO * --- SSLError
14 * root * 2023-02-15 14:48:29,744 * INFO * ---- SSLCertVerificationError
14 * root * 2023-02-15 14:48:29,744 * INFO * ---- SSLZeroReturnError
14 * root * 2023-02-15 14:48:29,744 * INFO * ---- SSLWantWriteError
14 * root * 2023-02-15 14:48:29,744 * INFO * ---- SSLWantReadError
14 * root * 2023-02-15 14:48:29,744 * INFO * ---- SSLSyscallError
14 * root * 2023-02-15 14:48:29,744 * INFO * ---- SSLEOFError
14 * root * 2023-02-15 14:48:29,744 * INFO * --- Error
14 * root * 2023-02-15 14:48:29,744 * INFO * ---- SameFileError
14 * root * 2023-02-15 14:48:29,744 * INFO * --- SpecialFileError
14 * root * 2023-02-15 14:48:29,744 * INFO * --- ExecError
14 * root * 2023-02-15 14:48:29,745 * INFO * --- ReadError
14 * root * 2023-02-15 14:48:29,745 * INFO * --- URLError
14 * root * 2023-02-15 14:48:29,745 * INFO * ---- HTTPError
14 * root * 2023-02-15 14:48:29,745 * INFO * ---- ContentTooShortError
14 * root * 2023-02-15 14:48:29,745 * INFO * --- BadGzipFile
14 * root * 2023-02-15 14:48:29,745 * INFO * -- EOFError
14 * root * 2023-02-15 14:48:29,745 * INFO * --- IncompleteReadError
14 * root * 2023-02-15 14:48:29,745 * INFO * -- RuntimeError
14 * root * 2023-02-15 14:48:29,745 * INFO * --- RecursionError
14 * root * 2023-02-15 14:48:29,745 * INFO * --- NotImplementedError
14 * root * 2023-02-15 14:48:29,745 * INFO * ---- ZMQVersionError
14 * root * 2023-02-15 14:48:29,745 * INFO * ---- StdinNotImplementedError
14 * root * 2023-02-15 14:48:29,745 * INFO * --- _DeadlockError
14 * root * 2023-02-15 14:48:29,745 * INFO * --- BrokenBarrierError
14 * root * 2023-02-15 14:48:29,745 * INFO * --- BrokenExecutor
14 * root * 2023-02-15 14:48:29,745 * INFO * ---- BrokenThreadPool
14 * root * 2023-02-15 14:48:29,745 * INFO * --- SendfileNotAvailableError
14 * root * 2023-02-15 14:48:29,745 * INFO * --- ExtractionError
14 * root * 2023-02-15 14:48:29,745 * INFO * --- VariableError
14 * root * 2023-02-15 14:48:29,745 * INFO * -- NameError
14 * root * 2023-02-15 14:48:29,745 * INFO * --- UnboundLocalError
14 * root * 2023-02-15 14:48:29,745 * INFO * -- AttributeError
14 * root * 2023-02-15 14:48:29,745 * INFO * --- FrozenInstanceError
14 * root * 2023-02-15 14:48:29,745 * INFO * -- SyntaxError
14 * root * 2023-02-15 14:48:29,745 * INFO * --- IndentationError
14 * root * 2023-02-15 14:48:29,745 * INFO * ---- TabError
14 * root * 2023-02-15 14:48:29,745 * INFO * -- LookupError
14 * root * 2023-02-15 14:48:29,745 * INFO * --- IndexError
14 * root * 2023-02-15 14:48:29,745 * INFO * --- KeyError
14 * root * 2023-02-15 14:48:29,745 * INFO * ---- NoSuchKernel
14 * root * 2023-02-15 14:48:29,745 * INFO * ---- UnknownBackend
14 * root * 2023-02-15 14:48:29,746 * INFO * --- CodecRegistryError
14 * root * 2023-02-15 14:48:29,746 * INFO * -- ValueError
14 * root * 2023-02-15 14:48:29,746 * INFO * --- UnicodeError
14 * root * 2023-02-15 14:48:29,746 * INFO * ---- UnicodeEncodeError
14 * root * 2023-02-15 14:48:29,746 * INFO * ---- UnicodeDecodeError
14 * root * 2023-02-15 14:48:29,746 * INFO * ---- UnicodeTranslateError
14 * root * 2023-02-15 14:48:29,746 * INFO * --- UnsupportedOperation
14 * root * 2023-02-15 14:48:29,746 * INFO * --- JSONDecodeError
14 * root * 2023-02-15 14:48:29,746 * INFO * --- SSLCertVerificationError
14 * root * 2023-02-15 14:48:29,746 * INFO * --- Error
14 * root * 2023-02-15 14:48:29,746 * INFO * --- UnsupportedDigestmodError
14 * root * 2023-02-15 14:48:29,746 * INFO * --- IllegalMonthError
14 * root * 2023-02-15 14:48:29,746 * INFO * --- IllegalWeekdayError
14 * root * 2023-02-15 14:48:29,746 * INFO * --- ParserError
14 * root * 2023-02-15 14:48:29,746 * INFO * --- MessageDefect
14 * root * 2023-02-15 14:48:29,746 * INFO * ---- NoBoundaryInMultipartDefect
14 * root * 2023-02-15 14:48:29,746 * INFO * ---- StartBoundaryNotFoundDefect
14 * root * 2023-02-15 14:48:29,746 * INFO * ---- CloseBoundaryNotFoundDefect
14 * root * 2023-02-15 14:48:29,746 * INFO * ---- FirstHeaderLineIsContinuationDefect
14 * root * 2023-02-15 14:48:29,746 * INFO * ---- MisplacedEnvelopeHeaderDefect
14 * root * 2023-02-15 14:48:29,746 * INFO * ---- MissingHeaderBodySeparatorDefect
14 * root * 2023-02-15 14:48:29,746 * INFO * ---- MultipartInvariantViolationDefect
14 * root * 2023-02-15 14:48:29,746 * INFO * ---- InvalidMultipartContentTransferEncodingDefect
14 * root * 2023-02-15 14:48:29,746 * INFO * ---- UndecodableBytesDefect
14 * root * 2023-02-15 14:48:29,746 * INFO * ---- InvalidBase64PaddingDefect
14 * root * 2023-02-15 14:48:29,746 * INFO * ---- InvalidBase64CharactersDefect
14 * root * 2023-02-15 14:48:29,746 * INFO * ---- InvalidBase64LengthDefect
14 * root * 2023-02-15 14:48:29,746 * INFO * ---- HeaderDefect
14 * root * 2023-02-15 14:48:29,746 * INFO * ----- InvalidHeaderDefect
14 * root * 2023-02-15 14:48:29,746 * INFO * ----- HeaderMissingRequiredValue
14 * root * 2023-02-15 14:48:29,746 * INFO * ----- NonPrintableDefect
14 * root * 2023-02-15 14:48:29,746 * INFO * ----- ObsoleteHeaderDefect
14 * root * 2023-02-15 14:48:29,747 * INFO * ----- NonASCIILocalPartDefect
14 * root * 2023-02-15 14:48:29,747 * INFO * ----- InvalidDateDefect
14 * root * 2023-02-15 14:48:29,747 * INFO * --- ClassNotFound
14 * root * 2023-02-15 14:48:29,747 * INFO * --- ClipboardEmpty
14 * root * 2023-02-15 14:48:29,747 * INFO * --- MacroToEdit
14 * root * 2023-02-15 14:48:29,747 * INFO * --- InvalidFileException
14 * root * 2023-02-15 14:48:29,747 * INFO * --- UnequalIterablesError
14 * root * 2023-02-15 14:48:29,747 * INFO * --- InvalidVersion
14 * root * 2023-02-15 14:48:29,747 * INFO * --- ELFInvalid
14 * root * 2023-02-15 14:48:29,747 * INFO * --- InvalidWheelFilename
14 * root * 2023-02-15 14:48:29,747 * INFO * --- InvalidSdistFilename
14 * root * 2023-02-15 14:48:29,747 * INFO * --- InvalidSpecifier
14 * root * 2023-02-15 14:48:29,747 * INFO * --- InvalidMarker
14 * root * 2023-02-15 14:48:29,747 * INFO * --- UndefinedComparison
14 * root * 2023-02-15 14:48:29,747 * INFO * --- UndefinedEnvironmentName
14 * root * 2023-02-15 14:48:29,747 * INFO * --- InvalidRequirement
14 * root * 2023-02-15 14:48:29,747 * INFO * ---- RequirementParseError
14 * root * 2023-02-15 14:48:29,747 * INFO * -- AssertionError
14 * root * 2023-02-15 14:48:29,747 * INFO * -- ArithmeticError
14 * root * 2023-02-15 14:48:29,747 * INFO * --- FloatingPointError
14 * root * 2023-02-15 14:48:29,747 * INFO * --- OverflowError
14 * root * 2023-02-15 14:48:29,747 * INFO * --- ZeroDivisionError
14 * root * 2023-02-15 14:48:29,747 * INFO * ---- DivisionByZero
14 * root * 2023-02-15 14:48:29,747 * INFO * ---- DivisionUndefined
14 * root * 2023-02-15 14:48:29,747 * INFO * --- DecimalException
14 * root * 2023-02-15 14:48:29,747 * INFO * ---- Clamped
14 * root * 2023-02-15 14:48:29,747 * INFO * ---- InvalidOperation
14 * root * 2023-02-15 14:48:29,747 * INFO * ----- ConversionSyntax
14 * root * 2023-02-15 14:48:29,747 * INFO * ----- DivisionImpossible
14 * root * 2023-02-15 14:48:29,747 * INFO * ----- DivisionUndefined
14 * root * 2023-02-15 14:48:29,747 * INFO * ----- InvalidContext
14 * root * 2023-02-15 14:48:29,747 * INFO * ---- DivisionByZero
14 * root * 2023-02-15 14:48:29,747 * INFO * ---- Inexact
14 * root * 2023-02-15 14:48:29,748 * INFO * ----- Overflow
14 * root * 2023-02-15 14:48:29,748 * INFO * ----- Underflow
14 * root * 2023-02-15 14:48:29,748 * INFO * ---- Rounded
14 * root * 2023-02-15 14:48:29,748 * INFO * ----- Overflow
14 * root * 2023-02-15 14:48:29,748 * INFO * ----- Underflow
14 * root * 2023-02-15 14:48:29,748 * INFO * ---- Subnormal
14 * root * 2023-02-15 14:48:29,748 * INFO * ----- Underflow
14 * root * 2023-02-15 14:48:29,748 * INFO * ---- FloatOperation
14 * root * 2023-02-15 14:48:29,748 * INFO * -- SystemError
14 * root * 2023-02-15 14:48:29,748 * INFO * --- CodecRegistryError
14 * root * 2023-02-15 14:48:29,748 * INFO * -- ReferenceError
14 * root * 2023-02-15 14:48:29,748 * INFO * -- MemoryError
14 * root * 2023-02-15 14:48:29,748 * INFO * -- BufferError
14 * root * 2023-02-15 14:48:29,748 * INFO * -- Warning
14 * root * 2023-02-15 14:48:29,748 * INFO * --- UserWarning
14 * root * 2023-02-15 14:48:29,748 * INFO * ---- GetPassWarning
14 * root * 2023-02-15 14:48:29,748 * INFO * ---- FormatterWarning
14 * root * 2023-02-15 14:48:29,748 * INFO * --- EncodingWarning
14 * root * 2023-02-15 14:48:29,748 * INFO * --- DeprecationWarning
14 * root * 2023-02-15 14:48:29,748 * INFO * ---- ProvisionalWarning
14 * root * 2023-02-15 14:48:29,748 * INFO * --- PendingDeprecationWarning
14 * root * 2023-02-15 14:48:29,748 * INFO * --- SyntaxWarning
14 * root * 2023-02-15 14:48:29,748 * INFO * --- RuntimeWarning
14 * root * 2023-02-15 14:48:29,748 * INFO * ---- ProactorSelectorThreadWarning
14 * root * 2023-02-15 14:48:29,748 * INFO * ---- UnknownTimezoneWarning
14 * root * 2023-02-15 14:48:29,748 * INFO * ---- PEP440Warning
14 * root * 2023-02-15 14:48:29,748 * INFO * --- FutureWarning
14 * root * 2023-02-15 14:48:29,748 * INFO * ---- ProvisionalCompleterWarning
14 * root * 2023-02-15 14:48:29,748 * INFO * --- ImportWarning
14 * root * 2023-02-15 14:48:29,748 * INFO * --- UnicodeWarning
14 * root * 2023-02-15 14:48:29,748 * INFO * --- BytesWarning
14 * root * 2023-02-15 14:48:29,748 * INFO * --- ResourceWarning
14 * root * 2023-02-15 14:48:29,748 * INFO * --- DeprecatedTzFormatWarning
14 * root * 2023-02-15 14:48:29,749 * INFO * --- PkgResourcesDeprecationWarning
14 * root * 2023-02-15 14:48:29,749 * INFO * -- _OptionError
14 * root * 2023-02-15 14:48:29,749 * INFO * -- _Error
14 * root * 2023-02-15 14:48:29,749 * INFO * -- error
14 * root * 2023-02-15 14:48:29,749 * INFO * -- Verbose
14 * root * 2023-02-15 14:48:29,749 * INFO * -- Error
14 * root * 2023-02-15 14:48:29,749 * INFO * -- SubprocessError
14 * root * 2023-02-15 14:48:29,749 * INFO * --- CalledProcessError
14 * root * 2023-02-15 14:48:29,749 * INFO * --- TimeoutExpired
14 * root * 2023-02-15 14:48:29,749 * INFO * -- ArgumentError
14 * root * 2023-02-15 14:48:29,749 * INFO * -- error
14 * root * 2023-02-15 14:48:29,749 * INFO * -- ZMQBaseError
14 * root * 2023-02-15 14:48:29,749 * INFO * --- ZMQError
14 * root * 2023-02-15 14:48:29,749 * INFO * ---- ContextTerminated
14 * root * 2023-02-15 14:48:29,749 * INFO * ---- Again
14 * root * 2023-02-15 14:48:29,749 * INFO * ---- InterruptedSystemCall
14 * root * 2023-02-15 14:48:29,749 * INFO * --- ZMQBindError
14 * root * 2023-02-15 14:48:29,749 * INFO * --- NotDone
14 * root * 2023-02-15 14:48:29,749 * INFO * -- Error
14 * root * 2023-02-15 14:48:29,749 * INFO * -- PickleError
14 * root * 2023-02-15 14:48:29,749 * INFO * --- PicklingError
14 * root * 2023-02-15 14:48:29,749 * INFO * --- UnpicklingError
14 * root * 2023-02-15 14:48:29,749 * INFO * -- _Stop
14 * root * 2023-02-15 14:48:29,749 * INFO * -- TokenError
14 * root * 2023-02-15 14:48:29,749 * INFO * -- StopTokenizing
14 * root * 2023-02-15 14:48:29,749 * INFO * -- Error
14 * root * 2023-02-15 14:48:29,749 * INFO * --- CancelledError
14 * root * 2023-02-15 14:48:29,749 * INFO * --- TimeoutError
14 * root * 2023-02-15 14:48:29,749 * INFO * --- InvalidStateError
14 * root * 2023-02-15 14:48:29,749 * INFO * -- _GiveupOnSendfile
14 * root * 2023-02-15 14:48:29,749 * INFO * -- Incomplete
14 * root * 2023-02-15 14:48:29,749 * INFO * -- ClassFoundException
14 * root * 2023-02-15 14:48:29,749 * INFO * -- EndOfBlock
14 * root * 2023-02-15 14:48:29,750 * INFO * -- TimeoutError
14 * root * 2023-02-15 14:48:29,750 * INFO * -- InvalidStateError
14 * root * 2023-02-15 14:48:29,750 * INFO * -- LimitOverrunError
14 * root * 2023-02-15 14:48:29,750 * INFO * -- QueueEmpty
14 * root * 2023-02-15 14:48:29,750 * INFO * -- QueueFull
14 * root * 2023-02-15 14:48:29,750 * INFO * -- TraitError
14 * root * 2023-02-15 14:48:29,750 * INFO * -- Empty
14 * root * 2023-02-15 14:48:29,750 * INFO * -- Full
14 * root * 2023-02-15 14:48:29,750 * INFO * -- error
14 * root * 2023-02-15 14:48:29,750 * INFO * -- error
14 * root * 2023-02-15 14:48:29,750 * INFO * -- ReturnValueIgnoredError
14 * root * 2023-02-15 14:48:29,750 * INFO * -- ArgumentError
14 * root * 2023-02-15 14:48:29,750 * INFO * -- ArgumentTypeError
14 * root * 2023-02-15 14:48:29,750 * INFO * -- ConfigError
14 * root * 2023-02-15 14:48:29,750 * INFO * --- ConfigLoaderError
14 * root * 2023-02-15 14:48:29,750 * INFO * ---- ArgumentError
14 * root * 2023-02-15 14:48:29,750 * INFO * --- ConfigFileNotFound
14 * root * 2023-02-15 14:48:29,750 * INFO * -- ConfigurableError
14 * root * 2023-02-15 14:48:29,750 * INFO * --- MultipleInstanceError
14 * root * 2023-02-15 14:48:29,750 * INFO * -- ApplicationError
14 * root * 2023-02-15 14:48:29,750 * INFO * -- KeyReuseError
14 * root * 2023-02-15 14:48:29,750 * INFO * -- UnknownKeyError
14 * root * 2023-02-15 14:48:29,750 * INFO * -- LeakedCallbackError
14 * root * 2023-02-15 14:48:29,750 * INFO * -- BadYieldError
14 * root * 2023-02-15 14:48:29,750 * INFO * -- ReturnValueIgnoredError
14 * root * 2023-02-15 14:48:29,750 * INFO * -- Return
14 * root * 2023-02-15 14:48:29,750 * INFO * -- InvalidPortNumber
14 * root * 2023-02-15 14:48:29,750 * INFO * -- error
14 * root * 2023-02-15 14:48:29,750 * INFO * -- LZMAError
14 * root * 2023-02-15 14:48:29,750 * INFO * -- RegistryError
14 * root * 2023-02-15 14:48:29,750 * INFO * -- _GiveupOnFastCopy
14 * root * 2023-02-15 14:48:29,750 * INFO * -- Error
14 * root * 2023-02-15 14:48:29,750 * INFO * --- NoSectionError
14 * root * 2023-02-15 14:48:29,751 * INFO * --- DuplicateSectionError
14 * root * 2023-02-15 14:48:29,751 * INFO * --- DuplicateOptionError
14 * root * 2023-02-15 14:48:29,751 * INFO * --- NoOptionError
14 * root * 2023-02-15 14:48:29,751 * INFO * --- InterpolationError
14 * root * 2023-02-15 14:48:29,751 * INFO * ---- InterpolationMissingOptionError
14 * root * 2023-02-15 14:48:29,751 * INFO * ---- InterpolationSyntaxError
14 * root * 2023-02-15 14:48:29,751 * INFO * ---- InterpolationDepthError
14 * root * 2023-02-15 14:48:29,751 * INFO * --- ParsingError
14 * root * 2023-02-15 14:48:29,751 * INFO * ---- MissingSectionHeaderError
14 * root * 2023-02-15 14:48:29,751 * INFO * -- NoIPAddresses
14 * root * 2023-02-15 14:48:29,751 * INFO * -- Error
14 * root * 2023-02-15 14:48:29,751 * INFO * -- BadZipFile
14 * root * 2023-02-15 14:48:29,751 * INFO * -- LargeZipFile
14 * root * 2023-02-15 14:48:29,751 * INFO * -- Error
14 * root * 2023-02-15 14:48:29,751 * INFO * -- MessageError
14 * root * 2023-02-15 14:48:29,751 * INFO * --- MessageParseError
14 * root * 2023-02-15 14:48:29,751 * INFO * ---- HeaderParseError
14 * root * 2023-02-15 14:48:29,751 * INFO * ---- BoundaryError
14 * root * 2023-02-15 14:48:29,751 * INFO * --- MultipartConversionError
14 * root * 2023-02-15 14:48:29,751 * INFO * --- CharsetError
14 * root * 2023-02-15 14:48:29,751 * INFO * -- DuplicateKernelError
14 * root * 2023-02-15 14:48:29,751 * INFO * -- ErrorDuringImport
14 * root * 2023-02-15 14:48:29,751 * INFO * -- NotOneValueFound
14 * root * 2023-02-15 14:48:29,751 * INFO * -- CannotEval
14 * root * 2023-02-15 14:48:29,751 * INFO * -- OptionError
14 * root * 2023-02-15 14:48:29,751 * INFO * -- BdbQuit
14 * root * 2023-02-15 14:48:29,751 * INFO * -- Restart
14 * root * 2023-02-15 14:48:29,751 * INFO * -- ExceptionPexpect
14 * root * 2023-02-15 14:48:29,751 * INFO * --- EOF
14 * root * 2023-02-15 14:48:29,751 * INFO * --- TIMEOUT
14 * root * 2023-02-15 14:48:29,751 * INFO * -- PtyProcessError
14 * root * 2023-02-15 14:48:29,751 * INFO * -- FindCmdError
14 * root * 2023-02-15 14:48:29,751 * INFO * -- HomeDirError
14 * root * 2023-02-15 14:48:29,752 * INFO * -- ProfileDirError
14 * root * 2023-02-15 14:48:29,752 * INFO * -- IPythonCoreError
14 * root * 2023-02-15 14:48:29,752 * INFO * --- TryNext
14 * root * 2023-02-15 14:48:29,752 * INFO * --- UsageError
14 * root * 2023-02-15 14:48:29,752 * INFO * --- StdinNotImplementedError
14 * root * 2023-02-15 14:48:29,752 * INFO * -- InputRejected
14 * root * 2023-02-15 14:48:29,752 * INFO * -- GetoptError
14 * root * 2023-02-15 14:48:29,752 * INFO * -- ErrorToken
14 * root * 2023-02-15 14:48:29,752 * INFO * -- PrefilterError
14 * root * 2023-02-15 14:48:29,752 * INFO * -- AliasError
14 * root * 2023-02-15 14:48:29,752 * INFO * --- InvalidAliasError
14 * root * 2023-02-15 14:48:29,752 * INFO * -- Error
14 * root * 2023-02-15 14:48:29,752 * INFO * --- InterfaceError
14 * root * 2023-02-15 14:48:29,752 * INFO * --- DatabaseError
14 * root * 2023-02-15 14:48:29,752 * INFO * ---- InternalError
14 * root * 2023-02-15 14:48:29,752 * INFO * ---- OperationalError
14 * root * 2023-02-15 14:48:29,752 * INFO * ---- ProgrammingError
14 * root * 2023-02-15 14:48:29,752 * INFO * ---- IntegrityError
14 * root * 2023-02-15 14:48:29,752 * INFO * ---- DataError
14 * root * 2023-02-15 14:48:29,752 * INFO * ---- NotSupportedError
14 * root * 2023-02-15 14:48:29,752 * INFO * -- Warning
14 * root * 2023-02-15 14:48:29,752 * INFO * -- SpaceInInput
14 * root * 2023-02-15 14:48:29,752 * INFO * -- DOMException
14 * root * 2023-02-15 14:48:29,752 * INFO * --- IndexSizeErr
14 * root * 2023-02-15 14:48:29,752 * INFO * --- DomstringSizeErr
14 * root * 2023-02-15 14:48:29,752 * INFO * --- HierarchyRequestErr
14 * root * 2023-02-15 14:48:29,752 * INFO * --- WrongDocumentErr
14 * root * 2023-02-15 14:48:29,752 * INFO * --- InvalidCharacterErr
14 * root * 2023-02-15 14:48:29,752 * INFO * --- NoDataAllowedErr
14 * root * 2023-02-15 14:48:29,752 * INFO * --- NoModificationAllowedErr
14 * root * 2023-02-15 14:48:29,752 * INFO * --- NotFoundErr
14 * root * 2023-02-15 14:48:29,752 * INFO * --- NotSupportedErr
14 * root * 2023-02-15 14:48:29,752 * INFO * --- InuseAttributeErr
14 * root * 2023-02-15 14:48:29,752 * INFO * --- InvalidStateErr
14 * root * 2023-02-15 14:48:29,752 * INFO * --- SyntaxErr
14 * root * 2023-02-15 14:48:29,752 * INFO * --- InvalidModificationErr
14 * root * 2023-02-15 14:48:29,753 * INFO * --- NamespaceErr
14 * root * 2023-02-15 14:48:29,753 * INFO * --- InvalidAccessErr
14 * root * 2023-02-15 14:48:29,753 * INFO * --- ValidationErr
14 * root * 2023-02-15 14:48:29,753 * INFO * -- ValidationError
14 * root * 2023-02-15 14:48:29,753 * INFO * -- EditReadOnlyBuffer
14 * root * 2023-02-15 14:48:29,753 * INFO * -- _Retry
14 * root * 2023-02-15 14:48:29,753 * INFO * -- InvalidLayoutError
14 * root * 2023-02-15 14:48:29,753 * INFO * -- HeightIsUnknownError
14 * root * 2023-02-15 14:48:29,753 * INFO * -- GuardRejection
14 * root * 2023-02-15 14:48:29,753 * INFO * -- ParserSyntaxError
14 * root * 2023-02-15 14:48:29,753 * INFO * -- InternalParseError
14 * root * 2023-02-15 14:48:29,753 * INFO * -- _PositionUpdatingFinished
14 * root * 2023-02-15 14:48:29,753 * INFO * -- SimpleGetItemNotFound
14 * root * 2023-02-15 14:48:29,753 * INFO * -- UncaughtAttributeError
14 * root * 2023-02-15 14:48:29,753 * INFO * -- HasNoContext
14 * root * 2023-02-15 14:48:29,753 * INFO * -- ParamIssue
14 * root * 2023-02-15 14:48:29,753 * INFO * -- _JediError
14 * root * 2023-02-15 14:48:29,753 * INFO * --- InternalError
14 * root * 2023-02-15 14:48:29,753 * INFO * --- WrongVersion
14 * root * 2023-02-15 14:48:29,753 * INFO * --- RefactoringError
14 * root * 2023-02-15 14:48:29,753 * INFO * -- OnErrorLeaf
14 * root * 2023-02-15 14:48:29,753 * INFO * -- InvalidPythonEnvironment
14 * root * 2023-02-15 14:48:29,753 * INFO * -- HTTPException
14 * root * 2023-02-15 14:48:29,753 * INFO * --- NotConnected
14 * root * 2023-02-15 14:48:29,753 * INFO * --- InvalidURL
14 * root * 2023-02-15 14:48:29,753 * INFO * --- UnknownProtocol
14 * root * 2023-02-15 14:48:29,753 * INFO * --- UnknownTransferEncoding
14 * root * 2023-02-15 14:48:29,753 * INFO * --- UnimplementedFileMode
14 * root * 2023-02-15 14:48:29,753 * INFO * --- IncompleteRead
14 * root * 2023-02-15 14:48:29,754 * INFO * --- ImproperConnectionState
14 * root * 2023-02-15 14:48:29,754 * INFO * ---- CannotSendRequest
14 * root * 2023-02-15 14:48:29,754 * INFO * ---- CannotSendHeader
14 * root * 2023-02-15 14:48:29,754 * INFO * ---- ResponseNotReady
14 * root * 2023-02-15 14:48:29,754 * INFO * --- BadStatusLine
14 * root * 2023-02-15 14:48:29,754 * INFO * ---- RemoteDisconnected
14 * root * 2023-02-15 14:48:29,754 * INFO * --- LineTooLong
14 * root * 2023-02-15 14:48:29,754 * INFO * -- InteractivelyDefined
14 * root * 2023-02-15 14:48:29,754 * INFO * -- KillEmbedded
14 * root * 2023-02-15 14:48:29,754 * INFO * -- Error
14 * root * 2023-02-15 14:48:29,754 * INFO * --- NoSuchProcess
14 * root * 2023-02-15 14:48:29,754 * INFO * ---- ZombieProcess
14 * root * 2023-02-15 14:48:29,754 * INFO * --- AccessDenied
14 * root * 2023-02-15 14:48:29,754 * INFO * --- TimeoutExpired
14 * root * 2023-02-15 14:48:29,754 * INFO * -- _Ipv6UnsupportedError
14 * root * 2023-02-15 14:48:29,754 * INFO * -- QueueEmpty
14 * root * 2023-02-15 14:48:29,754 * INFO * -- QueueFull
14 * root * 2023-02-15 14:48:29,754 * INFO * -- DebuggerInitializationError
14 * root * 2023-02-15 14:48:29,754 * INFO * -- ExpatError
14 * root * 2023-02-15 14:48:29,754 * INFO * -- Error
14 * root * 2023-02-15 14:48:29,754 * INFO * --- ProtocolError
14 * root * 2023-02-15 14:48:29,754 * INFO * --- ResponseError
14 * root * 2023-02-15 14:48:29,754 * INFO * --- Fault
14 * root * 2023-02-15 14:48:29,754 * INFO * -- ParserSyntaxError
14 * root * 2023-02-15 14:48:29,754 * INFO * -- ResolutionError
14 * root * 2023-02-15 14:48:29,754 * INFO * --- VersionConflict
14 * root * 2023-02-15 14:48:29,754 * INFO * ---- ContextualVersionConflict
14 * root * 2023-02-15 14:48:29,754 * INFO * --- DistributionNotFound
14 * root * 2023-02-15 14:48:29,754 * INFO * --- UnknownExtra
14 * root * 2023-02-15 14:48:29,754 * INFO * -- _Error
14 * root * 2023-02-15 14:48:29,754 * INFO * -- UnableToResolveVariableException
14 * root * 2023-02-15 14:48:29,754 * INFO * -- InvalidTypeInArgsException
14 * root * 2023-02-15 14:48:29,754 * INFO * - GeneratorExit
14 * root * 2023-02-15 14:48:29,754 * INFO * - SystemExit
14 * root * 2023-02-15 14:48:29,754 * INFO * - KeyboardInterrupt
14 * root * 2023-02-15 14:48:29,755 * INFO * - CancelledError
14 * root * 2023-02-15 14:48:29,755 * INFO * - AbortThread
